<?xml version="1.0" encoding="UTF-8"?>
<testsuite xmlns:xsi="http://www.w3.org/2001/XMLSchema-instance" xsi:noNamespaceSchemaLocation="https://maven.apache.org/surefire/maven-surefire-plugin/xsd/surefire-test-report.xsd" name="pt.ua.deti.es.p34.CucumberTest" time="16.082" tests="9" errors="0" skipped="6" failures="0">
  <properties>
[...]
</properties>
  <testcase name="Find the fastest path to Mercado do Bolhão" classname="pt.ua.deti.es.p34.CucumberTest" time="2.417"/>
  <testcase name="Simple and intuitive Visualization" classname="pt.ua.deti.es.p34.CucumberTest" time="0">
    <skipped message="TODO: implement me" type="cucumber.api.PendingException">cucumber.api.PendingException: TODO: implement me
</skipped>
    <system-out><![CDATA[2020-06-01 00:44:57.658  INFO 4528 --- [           main] o.s.t.c.support.AbstractContextLoader    : Could not detect default resource locations for test class [pt.ua.deti.es.p34.CucumberSpringContextConfiguration]: no resource found for suffixes {-context.xml, Context.groovy}.
2020-06-01 00:44:57.663  INFO 4528 --- [           main] .b.t.c.SpringBootTestContextBootstrapper : Loaded default TestExecutionListener class names from location [META-INF/spring.factories]: [org.springframework.boot.test.mock.mockito.MockitoTestExecutionListener, org.springframework.boot.test.mock.mockito.ResetMocksTestExecutionListener, org.springframework.boot.test.autoconfigure.restdocs.RestDocsTestExecutionListener, org.springframework.boot.test.autoconfigure.web.client.MockRestServiceServerResetTestExecutionListener, org.springframework.boot.test.autoconfigure.web.servlet.MockMvcPrintOnlyOnFailureTestExecutionListener, org.springframework.boot.test.autoconfigure.web.servlet.WebDriverTestExecutionListener, org.springframework.test.context.web.ServletTestExecutionListener, org.springframework.test.context.support.DirtiesContextBeforeModesTestExecutionListener, org.springframework.test.context.support.DependencyInjectionTestExecutionListener, org.springframework.test.context.support.DirtiesContextTestExecutionListener, org.springframework.test.context.transaction.TransactionalTestExecutionListener, org.springframework.test.context.jdbc.SqlScriptsTestExecutionListener, org.springframework.test.context.event.EventPublishingTestExecutionListener]
2020-06-01 00:44:57.664  INFO 4528 --- [           main] .b.t.c.SpringBootTestContextBootstrapper : Using TestExecutionListeners: [org.springframework.test.context.web.ServletTestExecutionListener@2ced7cf, org.springframework.test.context.support.DirtiesContextBeforeModesTestExecutionListener@580c4c0b, org.springframework.boot.test.mock.mockito.MockitoTestExecutionListener@604e8a6, org.springframework.boot.test.autoconfigure.SpringBootDependencyInjectionTestExecutionListener@5bc44d78, org.springframework.test.context.support.DirtiesContextTestExecutionListener@2f408960, org.springframework.test.context.transaction.TransactionalTestExecutionListener@1516f497, org.springframework.test.context.jdbc.SqlScriptsTestExecutionListener@34766f4b, org.springframework.test.context.event.EventPublishingTestExecutionListener@4d204b30, org.springframework.boot.test.mock.mockito.ResetMocksTestExecutionListener@6600d07d, org.springframework.boot.test.autoconfigure.restdocs.RestDocsTestExecutionListener@44103266, org.springframework.boot.test.autoconfigure.web.client.MockRestServiceServerResetTestExecutionListener@439b0198, org.springframework.boot.test.autoconfigure.web.servlet.MockMvcPrintOnlyOnFailureTestExecutionListener@c2dab10, org.springframework.boot.test.autoconfigure.web.servlet.WebDriverTestExecutionListener@6c4e11d0]
2020-06-01 00:44:57.666  INFO 4528 --- [           main] d.e.p.CucumberSpringContextConfiguration : Spring Context Initialized For Executing Cucumber Tests
&amp#27;[33mP&amp#27;[0m&amp#27;[36m-&amp#27;[0m&amp#27;[36m-&amp#27;[0m]]></system-out>
  </testcase>
  <testcase name="Regard more information about general road congestion" classname="pt.ua.deti.es.p34.CucumberTest" time="2.696"/>
  <testcase name="Make studies about road traffic at Porto" classname="pt.ua.deti.es.p34.CucumberTest" time="0">
    <skipped message="TODO: implement me" type="cucumber.api.PendingException">cucumber.api.PendingException: TODO: implement me
</skipped>
    <system-out><![CDATA[2020-06-01 00:45:00.398  INFO 4528 --- [           main] o.s.t.c.support.AbstractContextLoader    : Could not detect default resource locations for test class [pt.ua.deti.es.p34.CucumberSpringContextConfiguration]: no resource found for suffixes {-context.xml, Context.groovy}.
2020-06-01 00:45:00.401  INFO 4528 --- [           main] .b.t.c.SpringBootTestContextBootstrapper : Loaded default TestExecutionListener class names from location [META-INF/spring.factories]: [org.springframework.boot.test.mock.mockito.MockitoTestExecutionListener, org.springframework.boot.test.mock.mockito.ResetMocksTestExecutionListener, org.springframework.boot.test.autoconfigure.restdocs.RestDocsTestExecutionListener, org.springframework.boot.test.autoconfigure.web.client.MockRestServiceServerResetTestExecutionListener, org.springframework.boot.test.autoconfigure.web.servlet.MockMvcPrintOnlyOnFailureTestExecutionListener, org.springframework.boot.test.autoconfigure.web.servlet.WebDriverTestExecutionListener, org.springframework.test.context.web.ServletTestExecutionListener, org.springframework.test.context.support.DirtiesContextBeforeModesTestExecutionListener, org.springframework.test.context.support.DependencyInjectionTestExecutionListener, org.springframework.test.context.support.DirtiesContextTestExecutionListener, org.springframework.test.context.transaction.TransactionalTestExecutionListener, org.springframework.test.context.jdbc.SqlScriptsTestExecutionListener, org.springframework.test.context.event.EventPublishingTestExecutionListener]
2020-06-01 00:45:00.401  INFO 4528 --- [           main] .b.t.c.SpringBootTestContextBootstrapper : Using TestExecutionListeners: [org.springframework.test.context.web.ServletTestExecutionListener@508de524, org.springframework.test.context.support.DirtiesContextBeforeModesTestExecutionListener@617d697, org.springframework.boot.test.mock.mockito.MockitoTestExecutionListener@3a4d0ca2, org.springframework.boot.test.autoconfigure.SpringBootDependencyInjectionTestExecutionListener@149162a4, org.springframework.test.context.support.DirtiesContextTestExecutionListener@2b8a11d7, org.springframework.test.context.transaction.TransactionalTestExecutionListener@1391d95f, org.springframework.test.context.jdbc.SqlScriptsTestExecutionListener@416bff93, org.springframework.test.context.event.EventPublishingTestExecutionListener@5ef03158, org.springframework.boot.test.mock.mockito.ResetMocksTestExecutionListener@258f97f8, org.springframework.boot.test.autoconfigure.restdocs.RestDocsTestExecutionListener@38c9e937, org.springframework.boot.test.autoconfigure.web.client.MockRestServiceServerResetTestExecutionListener@26401eda, org.springframework.boot.test.autoconfigure.web.servlet.MockMvcPrintOnlyOnFailureTestExecutionListener@79e591bb, org.springframework.boot.test.autoconfigure.web.servlet.WebDriverTestExecutionListener@208ce928]
2020-06-01 00:45:00.410  INFO 4528 --- [           main] d.e.p.CucumberSpringContextConfiguration : Spring Context Initialized For Executing Cucumber Tests
&amp#27;[33mP&amp#27;[0m&amp#27;[36m-&amp#27;[0m&amp#27;[36m-&amp#27;[0m]]></system-out>
  </testcase>
  <testcase name="city official people make management based on existing data" classname="pt.ua.deti.es.p34.CucumberTest" time="0">
    <skipped message="TODO: implement me" type="cucumber.api.PendingException">cucumber.api.PendingException: TODO: implement me
</skipped>
    <system-out><![CDATA[2020-06-01 00:45:00.417  INFO 4528 --- [           main] o.s.t.c.support.AbstractContextLoader    : Could not detect default resource locations for test class [pt.ua.deti.es.p34.CucumberSpringContextConfiguration]: no resource found for suffixes {-context.xml, Context.groovy}.
2020-06-01 00:45:00.423  INFO 4528 --- [           main] .b.t.c.SpringBootTestContextBootstrapper : Loaded default TestExecutionListener class names from location [META-INF/spring.factories]: [org.springframework.boot.test.mock.mockito.MockitoTestExecutionListener, org.springframework.boot.test.mock.mockito.ResetMocksTestExecutionListener, org.springframework.boot.test.autoconfigure.restdocs.RestDocsTestExecutionListener, org.springframework.boot.test.autoconfigure.web.client.MockRestServiceServerResetTestExecutionListener, org.springframework.boot.test.autoconfigure.web.servlet.MockMvcPrintOnlyOnFailureTestExecutionListener, org.springframework.boot.test.autoconfigure.web.servlet.WebDriverTestExecutionListener, org.springframework.test.context.web.ServletTestExecutionListener, org.springframework.test.context.support.DirtiesContextBeforeModesTestExecutionListener, org.springframework.test.context.support.DependencyInjectionTestExecutionListener, org.springframework.test.context.support.DirtiesContextTestExecutionListener, org.springframework.test.context.transaction.TransactionalTestExecutionListener, org.springframework.test.context.jdbc.SqlScriptsTestExecutionListener, org.springframework.test.context.event.EventPublishingTestExecutionListener]
2020-06-01 00:45:00.423  INFO 4528 --- [           main] .b.t.c.SpringBootTestContextBootstrapper : Using TestExecutionListeners: [org.springframework.test.context.web.ServletTestExecutionListener@2456716b, org.springframework.test.context.support.DirtiesContextBeforeModesTestExecutionListener@63541960, org.springframework.boot.test.mock.mockito.MockitoTestExecutionListener@6d43c881, org.springframework.boot.test.autoconfigure.SpringBootDependencyInjectionTestExecutionListener@467625e3, org.springframework.test.context.support.DirtiesContextTestExecutionListener@513cd96f, org.springframework.test.context.transaction.TransactionalTestExecutionListener@12e04531, org.springframework.test.context.jdbc.SqlScriptsTestExecutionListener@6114902c, org.springframework.test.context.event.EventPublishingTestExecutionListener@16baf8d0, org.springframework.boot.test.mock.mockito.ResetMocksTestExecutionListener@217abcc9, org.springframework.boot.test.autoconfigure.restdocs.RestDocsTestExecutionListener@3123ac1a, org.springframework.boot.test.autoconfigure.web.client.MockRestServiceServerResetTestExecutionListener@7473cfe2, org.springframework.boot.test.autoconfigure.web.servlet.MockMvcPrintOnlyOnFailureTestExecutionListener@354ed5c4, org.springframework.boot.test.autoconfigure.web.servlet.WebDriverTestExecutionListener@41a6ab50]
2020-06-01 00:45:00.434  INFO 4528 --- [           main] d.e.p.CucumberSpringContextConfiguration : Spring Context Initialized For Executing Cucumber Tests
&amp#27;[33mP&amp#27;[0m&amp#27;[36m-&amp#27;[0m&amp#27;[36m-&amp#27;[0m]]></system-out>
  </testcase>
  <testcase name="Consuming data from buses velocities information" classname="pt.ua.deti.es.p34.CucumberTest" time="0">
    <skipped message="TODO: implement me" type="cucumber.api.PendingException">cucumber.api.PendingException: TODO: implement me
</skipped>
    <system-out><![CDATA[2020-06-01 00:45:00.437  INFO 4528 --- [           main] o.s.t.c.support.AbstractContextLoader    : Could not detect default resource locations for test class [pt.ua.deti.es.p34.CucumberSpringContextConfiguration]: no resource found for suffixes {-context.xml, Context.groovy}.
2020-06-01 00:45:00.441  INFO 4528 --- [           main] .b.t.c.SpringBootTestContextBootstrapper : Loaded default TestExecutionListener class names from location [META-INF/spring.factories]: [org.springframework.boot.test.mock.mockito.MockitoTestExecutionListener, org.springframework.boot.test.mock.mockito.ResetMocksTestExecutionListener, org.springframework.boot.test.autoconfigure.restdocs.RestDocsTestExecutionListener, org.springframework.boot.test.autoconfigure.web.client.MockRestServiceServerResetTestExecutionListener, org.springframework.boot.test.autoconfigure.web.servlet.MockMvcPrintOnlyOnFailureTestExecutionListener, org.springframework.boot.test.autoconfigure.web.servlet.WebDriverTestExecutionListener, org.springframework.test.context.web.ServletTestExecutionListener, org.springframework.test.context.support.DirtiesContextBeforeModesTestExecutionListener, org.springframework.test.context.support.DependencyInjectionTestExecutionListener, org.springframework.test.context.support.DirtiesContextTestExecutionListener, org.springframework.test.context.transaction.TransactionalTestExecutionListener, org.springframework.test.context.jdbc.SqlScriptsTestExecutionListener, org.springframework.test.context.event.EventPublishingTestExecutionListener]
2020-06-01 00:45:00.441  INFO 4528 --- [           main] .b.t.c.SpringBootTestContextBootstrapper : Using TestExecutionListeners: [org.springframework.test.context.web.ServletTestExecutionListener@448c4742, org.springframework.test.context.support.DirtiesContextBeforeModesTestExecutionListener@308498a8, org.springframework.boot.test.mock.mockito.MockitoTestExecutionListener@118cbb26, org.springframework.boot.test.autoconfigure.SpringBootDependencyInjectionTestExecutionListener@6cca70e3, org.springframework.test.context.support.DirtiesContextTestExecutionListener@4a5a8c6f, org.springframework.test.context.transaction.TransactionalTestExecutionListener@5e8f0c54, org.springframework.test.context.jdbc.SqlScriptsTestExecutionListener@2aaed928, org.springframework.test.context.event.EventPublishingTestExecutionListener@155cf9f6, org.springframework.boot.test.mock.mockito.ResetMocksTestExecutionListener@b7b26c6, org.springframework.boot.test.autoconfigure.restdocs.RestDocsTestExecutionListener@2db07651, org.springframework.boot.test.autoconfigure.web.client.MockRestServiceServerResetTestExecutionListener@718b9d56, org.springframework.boot.test.autoconfigure.web.servlet.MockMvcPrintOnlyOnFailureTestExecutionListener@36a59d8, org.springframework.boot.test.autoconfigure.web.servlet.WebDriverTestExecutionListener@51751265]
2020-06-01 00:45:00.452  INFO 4528 --- [           main] d.e.p.CucumberSpringContextConfiguration : Spring Context Initialized For Executing Cucumber Tests
&amp#27;[33mP&amp#27;[0m&amp#27;[36m-&amp#27;[0m&amp#27;[36m-&amp#27;[0m]]></system-out>
  </testcase>
  <testcase name="Consuming data about maximum velocity to a given road" classname="pt.ua.deti.es.p34.CucumberTest" time="0">
    <skipped message="TODO: implement me" type="cucumber.api.PendingException">cucumber.api.PendingException: TODO: implement me
</skipped>
    <system-out><![CDATA[2020-06-01 00:45:00.458  INFO 4528 --- [           main] o.s.t.c.support.AbstractContextLoader    : Could not detect default resource locations for test class [pt.ua.deti.es.p34.CucumberSpringContextConfiguration]: no resource found for suffixes {-context.xml, Context.groovy}.
2020-06-01 00:45:00.460  INFO 4528 --- [           main] .b.t.c.SpringBootTestContextBootstrapper : Loaded default TestExecutionListener class names from location [META-INF/spring.factories]: [org.springframework.boot.test.mock.mockito.MockitoTestExecutionListener, org.springframework.boot.test.mock.mockito.ResetMocksTestExecutionListener, org.springframework.boot.test.autoconfigure.restdocs.RestDocsTestExecutionListener, org.springframework.boot.test.autoconfigure.web.client.MockRestServiceServerResetTestExecutionListener, org.springframework.boot.test.autoconfigure.web.servlet.MockMvcPrintOnlyOnFailureTestExecutionListener, org.springframework.boot.test.autoconfigure.web.servlet.WebDriverTestExecutionListener, org.springframework.test.context.web.ServletTestExecutionListener, org.springframework.test.context.support.DirtiesContextBeforeModesTestExecutionListener, org.springframework.test.context.support.DependencyInjectionTestExecutionListener, org.springframework.test.context.support.DirtiesContextTestExecutionListener, org.springframework.test.context.transaction.TransactionalTestExecutionListener, org.springframework.test.context.jdbc.SqlScriptsTestExecutionListener, org.springframework.test.context.event.EventPublishingTestExecutionListener]
2020-06-01 00:45:00.461  INFO 4528 --- [           main] .b.t.c.SpringBootTestContextBootstrapper : Using TestExecutionListeners: [org.springframework.test.context.web.ServletTestExecutionListener@520e6089, org.springframework.test.context.support.DirtiesContextBeforeModesTestExecutionListener@2ff2a096, org.springframework.boot.test.mock.mockito.MockitoTestExecutionListener@59c2bf78, org.springframework.boot.test.autoconfigure.SpringBootDependencyInjectionTestExecutionListener@44f8d884, org.springframework.test.context.support.DirtiesContextTestExecutionListener@65d3e2ba, org.springframework.test.context.transaction.TransactionalTestExecutionListener@5f9f1886, org.springframework.test.context.jdbc.SqlScriptsTestExecutionListener@136a5572, org.springframework.test.context.event.EventPublishingTestExecutionListener@11548363, org.springframework.boot.test.mock.mockito.ResetMocksTestExecutionListener@6be865c1, org.springframework.boot.test.autoconfigure.restdocs.RestDocsTestExecutionListener@4c140b12, org.springframework.boot.test.autoconfigure.web.client.MockRestServiceServerResetTestExecutionListener@d140627, org.springframework.boot.test.autoconfigure.web.servlet.MockMvcPrintOnlyOnFailureTestExecutionListener@386ec37d, org.springframework.boot.test.autoconfigure.web.servlet.WebDriverTestExecutionListener@10007fdc]
2020-06-01 00:45:00.464  INFO 4528 --- [           main] d.e.p.CucumberSpringContextConfiguration : Spring Context Initialized For Executing Cucumber Tests
&amp#27;[33mP&amp#27;[0m&amp#27;[36m-&amp#27;[0m&amp#27;[36m-&amp#27;[0m]]></system-out>
  </testcase>
  <testcase name="I want to access the system to find the best path" classname="pt.ua.deti.es.p34.CucumberTest" time="2.49"/>
  <testcase name="I report the fails on road congestion predicts" classname="pt.ua.deti.es.p34.CucumberTest" time="0">
    <skipped message="TODO: implement me" type="cucumber.api.PendingException">cucumber.api.PendingException: TODO: implement me
</skipped>
    <system-out><![CDATA[2020-06-01 00:45:02.994  INFO 4528 --- [           main] o.s.t.c.support.AbstractContextLoader    : Could not detect default resource locations for test class [pt.ua.deti.es.p34.CucumberSpringContextConfiguration]: no resource found for suffixes {-context.xml, Context.groovy}.
2020-06-01 00:45:02.998  INFO 4528 --- [           main] .b.t.c.SpringBootTestContextBootstrapper : Loaded default TestExecutionListener class names from location [META-INF/spring.factories]: [org.springframework.boot.test.mock.mockito.MockitoTestExecutionListener, org.springframework.boot.test.mock.mockito.ResetMocksTestExecutionListener, org.springframework.boot.test.autoconfigure.restdocs.RestDocsTestExecutionListener, org.springframework.boot.test.autoconfigure.web.client.MockRestServiceServerResetTestExecutionListener, org.springframework.boot.test.autoconfigure.web.servlet.MockMvcPrintOnlyOnFailureTestExecutionListener, org.springframework.boot.test.autoconfigure.web.servlet.WebDriverTestExecutionListener, org.springframework.test.context.web.ServletTestExecutionListener, org.springframework.test.context.support.DirtiesContextBeforeModesTestExecutionListener, org.springframework.test.context.support.DependencyInjectionTestExecutionListener, org.springframework.test.context.support.DirtiesContextTestExecutionListener, org.springframework.test.context.transaction.TransactionalTestExecutionListener, org.springframework.test.context.jdbc.SqlScriptsTestExecutionListener, org.springframework.test.context.event.EventPublishingTestExecutionListener]
2020-06-01 00:45:03.003  INFO 4528 --- [           main] .b.t.c.SpringBootTestContextBootstrapper : Using TestExecutionListeners: [org.springframework.test.context.web.ServletTestExecutionListener@699fe19f, org.springframework.test.context.support.DirtiesContextBeforeModesTestExecutionListener@2357f000, org.springframework.boot.test.mock.mockito.MockitoTestExecutionListener@329b4b8b, org.springframework.boot.test.autoconfigure.SpringBootDependencyInjectionTestExecutionListener@6124a7c0, org.springframework.test.context.support.DirtiesContextTestExecutionListener@77a13162, org.springframework.test.context.transaction.TransactionalTestExecutionListener@6bea0866, org.springframework.test.context.jdbc.SqlScriptsTestExecutionListener@3c5d183, org.springframework.test.context.event.EventPublishingTestExecutionListener@471b7c9c, org.springframework.boot.test.mock.mockito.ResetMocksTestExecutionListener@39cf7f3c, org.springframework.boot.test.autoconfigure.restdocs.RestDocsTestExecutionListener@25df95b, org.springframework.boot.test.autoconfigure.web.client.MockRestServiceServerResetTestExecutionListener@2fb9695a, org.springframework.boot.test.autoconfigure.web.servlet.MockMvcPrintOnlyOnFailureTestExecutionListener@33da0fad, org.springframework.boot.test.autoconfigure.web.servlet.WebDriverTestExecutionListener@712eb075]
2020-06-01 00:45:03.005  INFO 4528 --- [           main] d.e.p.CucumberSpringContextConfiguration : Spring Context Initialized For Executing Cucumber Tests
&amp#27;[33mP&amp#27;[0m&amp#27;[36m-&amp#27;[0m&amp#27;[36m-&amp#27;[0m]]></system-out>
  </testcase>
</testsuite>